<?xml version="1.0" encoding="UTF-8"?>
<testng-results ignored="0" total="6" passed="6" failed="0" skipped="0">
  <reporter-output>
  </reporter-output>
  <suite started-at="2023-04-09T00:10:25 IST" name="Suite" finished-at="2023-04-09T00:14:05 IST" duration-ms="219762">
    <groups>
    </groups>
    <test started-at="2023-04-09T00:10:25 IST" name="Test" finished-at="2023-04-09T00:14:05 IST" duration-ms="219762">
      <class name="testcases.Searchproducttest">
        <test-method is-config="true" signature="startup()[pri:0, instance:testcases.Searchproducttest@73a8da0f]" started-at="2023-04-09T00:12:22 IST" name="startup" finished-at="2023-04-09T00:12:35 IST" duration-ms="12250" status="PASS">
          <reporter-output>
          </reporter-output>
        </test-method> <!-- startup -->
        <test-method signature="searchbox()[pri:0, instance:testcases.Searchproducttest@73a8da0f]" started-at="2023-04-09T00:12:35 IST" name="searchbox" finished-at="2023-04-09T00:13:15 IST" duration-ms="40411" status="PASS">
          <reporter-output>
          </reporter-output>
        </test-method> <!-- searchbox -->
        <test-method is-config="true" signature="close()[pri:0, instance:testcases.Searchproducttest@73a8da0f]" started-at="2023-04-09T00:13:15 IST" name="close" finished-at="2023-04-09T00:13:17 IST" duration-ms="1539" status="PASS">
          <reporter-output>
          </reporter-output>
        </test-method> <!-- close -->
      </class> <!-- testcases.Searchproducttest -->
      <class name="testcases.Signuptest">
        <test-method is-config="true" signature="startup()[pri:0, instance:testcases.Signuptest@1b45c0e]" started-at="2023-04-09T00:10:25 IST" name="startup" finished-at="2023-04-09T00:10:40 IST" duration-ms="14195" status="PASS">
          <reporter-output>
          </reporter-output>
        </test-method> <!-- startup -->
        <test-method signature="newacnyt()[pri:0, instance:testcases.Signuptest@1b45c0e]" started-at="2023-04-09T00:10:40 IST" name="newacnyt" finished-at="2023-04-09T00:10:49 IST" duration-ms="9665" status="PASS">
          <reporter-output>
          </reporter-output>
        </test-method> <!-- newacnyt -->
        <test-method is-config="true" signature="close()[pri:0, instance:testcases.Signuptest@1b45c0e]" started-at="2023-04-09T00:10:49 IST" name="close" finished-at="2023-04-09T00:10:50 IST" duration-ms="897" status="PASS">
          <reporter-output>
          </reporter-output>
        </test-method> <!-- close -->
      </class> <!-- testcases.Signuptest -->
      <class name="testcases.Select_by_brandstest">
        <test-method is-config="true" signature="startup()[pri:0, instance:testcases.Select_by_brandstest@50dfbc58]" started-at="2023-04-09T00:13:17 IST" name="startup" finished-at="2023-04-09T00:13:34 IST" duration-ms="17150" status="PASS">
          <reporter-output>
          </reporter-output>
        </test-method> <!-- startup -->
        <test-method signature="bybrands()[pri:0, instance:testcases.Select_by_brandstest@50dfbc58]" started-at="2023-04-09T00:13:34 IST" name="bybrands" finished-at="2023-04-09T00:14:04 IST" duration-ms="30226" status="PASS">
          <reporter-output>
          </reporter-output>
        </test-method> <!-- bybrands -->
        <test-method is-config="true" signature="close()[pri:0, instance:testcases.Select_by_brandstest@50dfbc58]" started-at="2023-04-09T00:14:04 IST" name="close" finished-at="2023-04-09T00:14:05 IST" duration-ms="964" status="PASS">
          <reporter-output>
          </reporter-output>
        </test-method> <!-- close -->
      </class> <!-- testcases.Select_by_brandstest -->
      <class name="testcases.Logintest">
        <test-method is-config="true" signature="startup()[pri:0, instance:testcases.Logintest@11f0a5a1]" started-at="2023-04-09T00:10:50 IST" name="startup" finished-at="2023-04-09T00:11:03 IST" duration-ms="12927" status="PASS">
          <reporter-output>
          </reporter-output>
        </test-method> <!-- startup -->
        <test-method signature="login()[pri:1, instance:testcases.Logintest@11f0a5a1]" started-at="2023-04-09T00:11:03 IST" name="login" finished-at="2023-04-09T00:11:10 IST" duration-ms="7280" status="PASS">
          <reporter-output>
          </reporter-output>
        </test-method> <!-- login -->
        <test-method is-config="true" signature="close()[pri:0, instance:testcases.Logintest@11f0a5a1]" started-at="2023-04-09T00:11:10 IST" name="close" finished-at="2023-04-09T00:11:11 IST" duration-ms="942" status="PASS">
          <reporter-output>
          </reporter-output>
        </test-method> <!-- close -->
        <test-method is-config="true" signature="startup()[pri:0, instance:testcases.Logintest@11f0a5a1]" started-at="2023-04-09T00:11:11 IST" name="startup" finished-at="2023-04-09T00:11:23 IST" duration-ms="12172" status="PASS">
          <reporter-output>
          </reporter-output>
        </test-method> <!-- startup -->
        <test-method signature="loginwithinvalid()[pri:2, instance:testcases.Logintest@11f0a5a1]" started-at="2023-04-09T00:11:23 IST" name="loginwithinvalid" finished-at="2023-04-09T00:11:30 IST" duration-ms="6702" status="PASS">
          <reporter-output>
          </reporter-output>
        </test-method> <!-- loginwithinvalid -->
        <test-method is-config="true" signature="close()[pri:0, instance:testcases.Logintest@11f0a5a1]" started-at="2023-04-09T00:11:30 IST" name="close" finished-at="2023-04-09T00:11:31 IST" duration-ms="1079" status="PASS">
          <reporter-output>
          </reporter-output>
        </test-method> <!-- close -->
      </class> <!-- testcases.Logintest -->
      <class name="testcases.Select_by_departmenttest">
        <test-method is-config="true" signature="startup()[pri:0, instance:testcases.Select_by_departmenttest@10f7f7de]" started-at="2023-04-09T00:11:31 IST" name="startup" finished-at="2023-04-09T00:11:43 IST" duration-ms="11687" status="PASS">
          <reporter-output>
          </reporter-output>
        </test-method> <!-- startup -->
        <test-method signature="dept()[pri:0, instance:testcases.Select_by_departmenttest@10f7f7de]" started-at="2023-04-09T00:11:43 IST" name="dept" finished-at="2023-04-09T00:12:21 IST" duration-ms="38558" status="PASS">
          <reporter-output>
          </reporter-output>
        </test-method> <!-- dept -->
        <test-method is-config="true" signature="close()[pri:0, instance:testcases.Select_by_departmenttest@10f7f7de]" started-at="2023-04-09T00:12:21 IST" name="close" finished-at="2023-04-09T00:12:22 IST" duration-ms="1018" status="PASS">
          <reporter-output>
          </reporter-output>
        </test-method> <!-- close -->
      </class> <!-- testcases.Select_by_departmenttest -->
    </test> <!-- Test -->
  </suite> <!-- Suite -->
</testng-results>
