<?xml version="1.0" encoding="UTF-8"?>
<testng-results ignored="0" total="1" passed="1" failed="0" skipped="0">
  <reporter-output>
  </reporter-output>
  <suite started-at="2023-04-07T23:06:15 IST" name="Default suite" finished-at="2023-04-07T23:08:35 IST" duration-ms="140722">
    <groups>
    </groups>
    <test started-at="2023-04-07T23:06:15 IST" name="Default test" finished-at="2023-04-07T23:08:35 IST" duration-ms="140722">
      <class name="testcases.Logintest">
        <test-method is-config="true" signature="startup()[pri:0, instance:testcases.Logintest@4e268090]" started-at="2023-04-07T23:06:15 IST" name="startup" finished-at="2023-04-07T23:07:02 IST" duration-ms="46958" status="PASS">
          <reporter-output>
          </reporter-output>
        </test-method> <!-- startup -->
        <test-method signature="login()[pri:0, instance:testcases.Logintest@4e268090]" started-at="2023-04-07T23:07:02 IST" name="login" finished-at="2023-04-07T23:08:34 IST" duration-ms="92757" status="PASS">
          <reporter-output>
          </reporter-output>
        </test-method> <!-- login -->
        <test-method is-config="true" signature="close()[pri:0, instance:testcases.Logintest@4e268090]" started-at="2023-04-07T23:08:34 IST" name="close" finished-at="2023-04-07T23:08:35 IST" duration-ms="943" status="PASS">
          <reporter-output>
          </reporter-output>
        </test-method> <!-- close -->
      </class> <!-- testcases.Logintest -->
    </test> <!-- Default test -->
  </suite> <!-- Default suite -->
</testng-results>
