<?xml version="1.0" encoding="UTF-8"?>
<!-- Generated by org.testng.reporters.JUnitXMLReporter -->
<testsuite ignored="0" hostname="DESKTOP-MA7LGP5" failures="0" tests="6" name="Test" time="219.762" errors="0" timestamp="2023-04-09T00:14:05 IST">
  <testcase classname="testcases.Signuptest" name="newacnyt" time="9.665"/>
  <testcase classname="testcases.Logintest" name="login" time="7.28"/>
  <testcase classname="testcases.Logintest" name="loginwithinvalid" time="6.702"/>
  <testcase classname="testcases.Select_by_departmenttest" name="dept" time="38.558"/>
  <testcase classname="testcases.Searchproducttest" name="searchbox" time="40.411"/>
  <testcase classname="testcases.Select_by_brandstest" name="bybrands" time="30.226"/>
</testsuite> <!-- Test -->
